baselineprofile/build/intermediates/manifest_merge_blame_file/benchmarkRelease/processBenchmarkReleaseManifest/manifest-merger-blame-benchmarkRelease-report.txt
1<?xml version="1.0" encoding="utf-8"?>
2<manifest xmlns:android="http://schemas.android.com/apk/res/android"
3    package="com.hevincj.cashflow.baselineprofile" >
4
5    <uses-sdk
5-->manifest/benchmarkRelease/tempFile2ProcessTestManifest11153216917435191016.xml:5:5-7:41
6        android:minSdkVersion="29"
6-->manifest/benchmarkRelease/tempFile2ProcessTestManifest11153216917435191016.xml:6:9-35
7        android:targetSdkVersion="36" />
7-->manifest/benchmarkRelease/tempFile2ProcessTestManifest11153216917435191016.xml:7:9-38
8
9    <instrumentation
9-->manifest/benchmarkRelease/tempFile2ProcessTestManifest11153216917435191016.xml:9:5-14:72
10        android:name="androidx.test.runner.AndroidJUnitRunner"
10-->manifest/benchmarkRelease/tempFile2ProcessTestManifest11153216917435191016.xml:10:9-63
11        android:functionalTest="false"
11-->manifest/benchmarkRelease/tempFile2ProcessTestManifest11153216917435191016.xml:11:9-39
12        android:handleProfiling="false"
12-->manifest/benchmarkRelease/tempFile2ProcessTestManifest11153216917435191016.xml:12:9-40
13        android:label="Tests for com.hevincj.cashflow.baselineprofile"
13-->manifest/benchmarkRelease/tempFile2ProcessTestManifest11153216917435191016.xml:13:9-71
14        android:targetPackage="com.hevincj.cashflow.baselineprofile" />
14-->manifest/benchmarkRelease/tempFile2ProcessTestManifest11153216917435191016.xml:14:9-69
15
16    <uses-permission android:name="android.permission.QUERY_ALL_PACKAGES" />
16-->[androidx.benchmark:benchmark-macro:1.3.3] AndroidManifest.xml:23:5-25:53
16-->[androidx.benchmark:benchmark-macro:1.3.3] AndroidManifest.xml:24:9-61
17    <!--
18         Internet permission is required for perfetto trace shell processor http server but
19        it's used to reach localhost only
20    -->
21    <uses-permission android:name="android.permission.INTERNET" />
21-->[androidx.benchmark:benchmark-macro:1.3.3] AndroidManifest.xml:31:5-67
21-->[androidx.benchmark:benchmark-macro:1.3.3] AndroidManifest.xml:31:22-64
22    <!--
23    This is needed to write benchmark report data to an external directory during instrumented
24    tests to allow the accompanying androidx.benchmark gradle plugin to pull the reports onto host
25     machine after the tests are done running.
26    -->
27    <uses-permission android:name="android.permission.WRITE_EXTERNAL_STORAGE" />
27-->[androidx.benchmark:benchmark-common:1.3.3] AndroidManifest.xml:27:5-81
27-->[androidx.benchmark:benchmark-common:1.3.3] AndroidManifest.xml:27:22-78
28    <uses-permission android:name="android.permission.READ_EXTERNAL_STORAGE" />
29
30    <queries>
30-->[androidx.test:runner:1.5.2] AndroidManifest.xml:24:5-28:15
31        <package android:name="androidx.test.orchestrator" />
31-->[androidx.test:runner:1.5.2] AndroidManifest.xml:25:9-62
31-->[androidx.test:runner:1.5.2] AndroidManifest.xml:25:18-59
32        <package android:name="androidx.test.services" />
32-->[androidx.test:runner:1.5.2] AndroidManifest.xml:26:9-58
32-->[androidx.test:runner:1.5.2] AndroidManifest.xml:26:18-55
33        <package android:name="com.google.android.apps.common.testing.services" />
33-->[androidx.test:runner:1.5.2] AndroidManifest.xml:27:9-83
33-->[androidx.test:runner:1.5.2] AndroidManifest.xml:27:18-80
34    </queries>
35
36    <permission
36-->[androidx.core:core:1.9.0] AndroidManifest.xml:22:5-24:47
37        android:name="com.hevincj.cashflow.baselineprofile.DYNAMIC_RECEIVER_NOT_EXPORTED_PERMISSION"
37-->[androidx.core:core:1.9.0] AndroidManifest.xml:23:9-81
38        android:protectionLevel="signature" />
38-->[androidx.core:core:1.9.0] AndroidManifest.xml:24:9-44
39
40    <uses-permission android:name="com.hevincj.cashflow.baselineprofile.DYNAMIC_RECEIVER_NOT_EXPORTED_PERMISSION" />
40-->[androidx.core:core:1.9.0] AndroidManifest.xml:26:5-97
40-->[androidx.core:core:1.9.0] AndroidManifest.xml:26:22-94
41    <uses-permission android:name="android.permission.REORDER_TASKS" />
41-->[androidx.test:core:1.6.1] AndroidManifest.xml:24:5-72
41-->[androidx.test:core:1.6.1] AndroidManifest.xml:24:22-69
42
43    <application
43-->manifest/benchmarkRelease/tempFile2ProcessTestManifest11153216917435191016.xml:16:5-20
44        android:appComponentFactory="androidx.core.app.CoreComponentFactory"
44-->[androidx.core:core:1.9.0] AndroidManifest.xml:28:18-86
45        android:debuggable="true"
46        android:extractNativeLibs="false"
46-->INJECTED
47        android:networkSecurityConfig="@xml/network_security_config" > <!-- Activity used to block background content while benchmarks are running -->
47-->[androidx.benchmark:benchmark-macro:1.3.3] AndroidManifest.xml:42:18-78
48        <activity
48-->[androidx.benchmark:benchmark-common:1.3.3] AndroidManifest.xml:32:9-36:20
49            android:name="androidx.benchmark.IsolationActivity"
49-->[androidx.benchmark:benchmark-common:1.3.3] AndroidManifest.xml:33:13-64
50            android:exported="true"
50-->[androidx.benchmark:benchmark-common:1.3.3] AndroidManifest.xml:34:13-36
51            android:theme="@android:style/Theme.Light.NoTitleBar.Fullscreen" >
51-->[androidx.benchmark:benchmark-common:1.3.3] AndroidManifest.xml:35:13-77
52        </activity>
53
54        <receiver
54-->[androidx.tracing:tracing-perfetto:1.0.0] AndroidManifest.xml:24:9-37:20
55            android:name="androidx.tracing.perfetto.TracingReceiver"
55-->[androidx.tracing:tracing-perfetto:1.0.0] AndroidManifest.xml:25:13-69
56            android:directBootAware="false"
56-->[androidx.tracing:tracing-perfetto:1.0.0] AndroidManifest.xml:26:13-44
57            android:enabled="true"
57-->[androidx.tracing:tracing-perfetto:1.0.0] AndroidManifest.xml:27:13-35
58            android:exported="true"
58-->[androidx.tracing:tracing-perfetto:1.0.0] AndroidManifest.xml:28:13-36
59            android:permission="android.permission.DUMP" >
59-->[androidx.tracing:tracing-perfetto:1.0.0] AndroidManifest.xml:29:13-57
60
61            <!-- Note: DUMP above highly limits who can call the receiver; Shell has DUMP perm. -->
62            <intent-filter>
62-->[androidx.tracing:tracing-perfetto:1.0.0] AndroidManifest.xml:32:13-36:29
63                <action android:name="androidx.tracing.perfetto.action.ENABLE_TRACING" />
63-->[androidx.tracing:tracing-perfetto:1.0.0] AndroidManifest.xml:33:17-90
63-->[androidx.tracing:tracing-perfetto:1.0.0] AndroidManifest.xml:33:25-87
64                <action android:name="androidx.tracing.perfetto.action.ENABLE_TRACING_COLD_START" />
64-->[androidx.tracing:tracing-perfetto:1.0.0] AndroidManifest.xml:34:17-101
64-->[androidx.tracing:tracing-perfetto:1.0.0] AndroidManifest.xml:34:25-98
65                <action android:name="androidx.tracing.perfetto.action.DISABLE_TRACING_COLD_START" />
65-->[androidx.tracing:tracing-perfetto:1.0.0] AndroidManifest.xml:35:17-102
65-->[androidx.tracing:tracing-perfetto:1.0.0] AndroidManifest.xml:35:25-99
66            </intent-filter>
67        </receiver>
68
69        <provider
69-->[androidx.tracing:tracing-perfetto:1.0.0] AndroidManifest.xml:39:9-47:20
70            android:name="androidx.startup.InitializationProvider"
70-->[androidx.tracing:tracing-perfetto:1.0.0] AndroidManifest.xml:40:13-67
71            android:authorities="com.hevincj.cashflow.baselineprofile.androidx-startup"
71-->[androidx.tracing:tracing-perfetto:1.0.0] AndroidManifest.xml:41:13-68
72            android:exported="false" >
72-->[androidx.tracing:tracing-perfetto:1.0.0] AndroidManifest.xml:42:13-37
73            <meta-data
73-->[androidx.tracing:tracing-perfetto:1.0.0] AndroidManifest.xml:44:13-46:52
74                android:name="androidx.tracing.perfetto.StartupTracingInitializer"
74-->[androidx.tracing:tracing-perfetto:1.0.0] AndroidManifest.xml:45:17-83
75                android:value="androidx.startup" />
75-->[androidx.tracing:tracing-perfetto:1.0.0] AndroidManifest.xml:46:17-49
76            <meta-data
76-->[androidx.profileinstaller:profileinstaller:1.3.1] AndroidManifest.xml:29:13-31:52
77                android:name="androidx.profileinstaller.ProfileInstallerInitializer"
77-->[androidx.profileinstaller:profileinstaller:1.3.1] AndroidManifest.xml:30:17-85
78                android:value="androidx.startup" />
78-->[androidx.profileinstaller:profileinstaller:1.3.1] AndroidManifest.xml:31:17-49
79        </provider>
80
81        <receiver
81-->[androidx.tracing:tracing-perfetto:1.0.0] AndroidManifest.xml:49:9-55:20
82            android:name="androidx.tracing.perfetto.StartupTracingConfigStoreIsEnabledGate"
82-->[androidx.tracing:tracing-perfetto:1.0.0] AndroidManifest.xml:50:13-92
83            android:directBootAware="false"
83-->[androidx.tracing:tracing-perfetto:1.0.0] AndroidManifest.xml:51:13-44
84            android:enabled="false"
84-->[androidx.tracing:tracing-perfetto:1.0.0] AndroidManifest.xml:52:13-36
85            android:exported="false" >
85-->[androidx.tracing:tracing-perfetto:1.0.0] AndroidManifest.xml:53:13-37
86        </receiver>
87        <receiver
87-->[androidx.profileinstaller:profileinstaller:1.3.1] AndroidManifest.xml:34:9-52:20
88            android:name="androidx.profileinstaller.ProfileInstallReceiver"
88-->[androidx.profileinstaller:profileinstaller:1.3.1] AndroidManifest.xml:35:13-76
89            android:directBootAware="false"
89-->[androidx.profileinstaller:profileinstaller:1.3.1] AndroidManifest.xml:36:13-44
90            android:enabled="true"
90-->[androidx.profileinstaller:profileinstaller:1.3.1] AndroidManifest.xml:37:13-35
91            android:exported="true"
91-->[androidx.profileinstaller:profileinstaller:1.3.1] AndroidManifest.xml:38:13-36
92            android:permission="android.permission.DUMP" >
92-->[androidx.profileinstaller:profileinstaller:1.3.1] AndroidManifest.xml:39:13-57
93            <intent-filter>
93-->[androidx.profileinstaller:profileinstaller:1.3.1] AndroidManifest.xml:40:13-42:29
94                <action android:name="androidx.profileinstaller.action.INSTALL_PROFILE" />
94-->[androidx.profileinstaller:profileinstaller:1.3.1] AndroidManifest.xml:41:17-91
94-->[androidx.profileinstaller:profileinstaller:1.3.1] AndroidManifest.xml:41:25-88
95            </intent-filter>
96            <intent-filter>
96-->[androidx.profileinstaller:profileinstaller:1.3.1] AndroidManifest.xml:43:13-45:29
97                <action android:name="androidx.profileinstaller.action.SKIP_FILE" />
97-->[androidx.profileinstaller:profileinstaller:1.3.1] AndroidManifest.xml:44:17-85
97-->[androidx.profileinstaller:profileinstaller:1.3.1] AndroidManifest.xml:44:25-82
98            </intent-filter>
99            <intent-filter>
99-->[androidx.profileinstaller:profileinstaller:1.3.1] AndroidManifest.xml:46:13-48:29
100                <action android:name="androidx.profileinstaller.action.SAVE_PROFILE" />
100-->[androidx.profileinstaller:profileinstaller:1.3.1] AndroidManifest.xml:47:17-88
100-->[androidx.profileinstaller:profileinstaller:1.3.1] AndroidManifest.xml:47:25-85
101            </intent-filter>
102            <intent-filter>
102-->[androidx.profileinstaller:profileinstaller:1.3.1] AndroidManifest.xml:49:13-51:29
103                <action android:name="androidx.profileinstaller.action.BENCHMARK_OPERATION" />
103-->[androidx.profileinstaller:profileinstaller:1.3.1] AndroidManifest.xml:50:17-95
103-->[androidx.profileinstaller:profileinstaller:1.3.1] AndroidManifest.xml:50:25-92
104            </intent-filter>
105        </receiver>
106
107        <activity
107-->[androidx.test:core:1.6.1] AndroidManifest.xml:27:9-34:20
108            android:name="androidx.test.core.app.InstrumentationActivityInvoker$BootstrapActivity"
108-->[androidx.test:core:1.6.1] AndroidManifest.xml:28:13-99
109            android:exported="true"
109-->[androidx.test:core:1.6.1] AndroidManifest.xml:29:13-36
110            android:theme="@style/WhiteBackgroundTheme" >
110-->[androidx.test:core:1.6.1] AndroidManifest.xml:30:13-56
111            <intent-filter android:priority="-100" >
111-->[androidx.test:core:1.6.1] AndroidManifest.xml:31:13-33:29
111-->[androidx.test:core:1.6.1] AndroidManifest.xml:31:28-51
112                <category android:name="android.intent.category.LAUNCHER" />
112-->[androidx.test:core:1.6.1] AndroidManifest.xml:32:17-77
112-->[androidx.test:core:1.6.1] AndroidManifest.xml:32:27-74
113            </intent-filter>
114        </activity>
115        <activity
115-->[androidx.test:core:1.6.1] AndroidManifest.xml:35:9-42:20
116            android:name="androidx.test.core.app.InstrumentationActivityInvoker$EmptyActivity"
116-->[androidx.test:core:1.6.1] AndroidManifest.xml:36:13-95
117            android:exported="true"
117-->[androidx.test:core:1.6.1] AndroidManifest.xml:37:13-36
118            android:theme="@style/WhiteBackgroundTheme" >
118-->[androidx.test:core:1.6.1] AndroidManifest.xml:38:13-56
119            <intent-filter android:priority="-100" >
119-->[androidx.test:core:1.6.1] AndroidManifest.xml:31:13-33:29
119-->[androidx.test:core:1.6.1] AndroidManifest.xml:31:28-51
120                <category android:name="android.intent.category.LAUNCHER" />
120-->[androidx.test:core:1.6.1] AndroidManifest.xml:32:17-77
120-->[androidx.test:core:1.6.1] AndroidManifest.xml:32:27-74
121            </intent-filter>
122        </activity>
123        <activity
123-->[androidx.test:core:1.6.1] AndroidManifest.xml:43:9-50:20
124            android:name="androidx.test.core.app.InstrumentationActivityInvoker$EmptyFloatingActivity"
124-->[androidx.test:core:1.6.1] AndroidManifest.xml:44:13-103
125            android:exported="true"
125-->[androidx.test:core:1.6.1] AndroidManifest.xml:45:13-36
126            android:theme="@style/WhiteBackgroundDialogTheme" >
126-->[androidx.test:core:1.6.1] AndroidManifest.xml:46:13-62
127            <intent-filter android:priority="-100" >
127-->[androidx.test:core:1.6.1] AndroidManifest.xml:31:13-33:29
127-->[androidx.test:core:1.6.1] AndroidManifest.xml:31:28-51
128                <category android:name="android.intent.category.LAUNCHER" />
128-->[androidx.test:core:1.6.1] AndroidManifest.xml:32:17-77
128-->[androidx.test:core:1.6.1] AndroidManifest.xml:32:27-74
129            </intent-filter>
130        </activity>
131    </application>
132
133</manifest>